#-----------------------------------------------------------
# Vivado v2021.1.1 (64-bit)
# SW Build 3286242 on Wed Jul 28 13:10:47 MDT 2021
# IP Build 3279568 on Wed Jul 28 16:48:48 MDT 2021
# Start of session at: Sat Nov 20 23:26:09 2021
# Process ID: 17828
# Current directory: C:/Users/Daniel Fu/Binary_to_BCD
# Command line: vivado.exe -gui_launcher_event rodinguilauncherevent22272 C:\Users\Daniel Fu\Binary_to_BCD\Binary_to_BCD.xpr
# Log file: C:/Users/Daniel Fu/Binary_to_BCD/vivado.log
# Journal file: C:/Users/Daniel Fu/Binary_to_BCD\vivado.jou
#-----------------------------------------------------------
start_gui
open_project {C:/Users/Daniel Fu/Binary_to_BCD/Binary_to_BCD.xpr}
WARNING: [filemgmt 56-3] Default IP Output Path : Could not find the directory 'C:/Users/Daniel Fu/Binary_to_BCD/Binary_to_BCD.gen/sources_1'.
Scanning sources...
Finished scanning sources
INFO: [IP_Flow 19-234] Refreshing IP repositories
INFO: [IP_Flow 19-1704] No user IP repositories specified
INFO: [IP_Flow 19-2313] Loaded Vivado IP repository 'D:/Vivado/2021.1/data/ip'.
open_project: Time (s): cpu = 00:00:20 ; elapsed = 00:00:08 . Memory (MB): peak = 1373.031 ; gain = 0.000
update_compile_order -fileset sources_1
exit
INFO: [Common 17-206] Exiting Vivado at Sat Nov 20 23:26:43 2021...
